<?xml version="1.0" encoding="UTF-8"?>
<!-- Generated by org.testng.reporters.JUnitXMLReporter -->
<testsuite ignored="0" hostname="DESKTOP-9B3BV7M" failures="1" tests="1" name="Test" time="7.341" errors="0" timestamp="2023-10-24T22:45:54 EDT">
  <testcase classname="TestCases.ScreenshotTest" name="searchGoogle" time="1.587">
    <failure type="java.lang.AssertionError" message="expected [true] but found [false]">
      <![CDATA[java.lang.AssertionError: expected [true] but found [false]
at TestCases.ScreenshotTest.searchGoogle(ScreenshotTest.java:17)
at java.base/java.util.ArrayList.forEach(ArrayList.java:1511)
... Removed 29 stack frames]]>
    </failure>
  </testcase> <!-- searchGoogle -->
</testsuite> <!-- Test -->
